TN:
SF:src\modules\goals\useCases\createGoals\CreateGoalsController.ts
FN:5,CreateGoalsController
FN:6,Object.<anonymous>.CreateGoalsController.handle
FNF:2
FNH:2
FNDA:1,CreateGoalsController
FNDA:2,Object.<anonymous>.CreateGoalsController.handle
DA:1,1
DA:2,1
DA:3,1
DA:4,1
DA:5,1
DA:6,1
DA:7,2
DA:8,2
DA:9,2
DA:10,2
DA:11,2
DA:12,2
DA:13,2
DA:14,2
DA:15,2
DA:16,2
DA:17,2
DA:18,2
DA:19,1
LF:19
LH:19
BRDA:5,0,0,1
BRDA:5,1,0,1
BRDA:6,2,0,2
BRF:3
BRH:3
end_of_record
TN:
SF:src\modules\goals\useCases\createGoals\CreateGoalsUseCase.ts
FN:13,CreateGoalsUseCase
FN:22,Object.<anonymous>.CreateGoalsUseCase.execute
FNF:2
FNH:2
FNDA:2,CreateGoalsUseCase
FNDA:2,Object.<anonymous>.CreateGoalsUseCase.execute
DA:1,1
DA:2,1
DA:3,1
DA:4,1
DA:5,1
DA:6,1
DA:7,1
DA:8,1
DA:9,1
DA:10,1
DA:11,1
DA:12,1
DA:13,1
DA:14,2
DA:15,2
DA:16,2
DA:17,2
DA:18,2
DA:19,2
DA:20,2
DA:21,1
DA:22,1
DA:23,2
DA:24,2
DA:25,2
DA:26,2
DA:27,2
DA:28,1
DA:29,1
DA:30,1
DA:31,1
DA:32,1
DA:33,1
DA:34,1
DA:35,1
DA:36,1
DA:37,2
DA:38,1
DA:39,1
DA:40,2
DA:41,2
DA:42,2
DA:43,2
DA:44,2
DA:45,2
DA:46,2
DA:47,2
DA:48,2
DA:49,2
DA:50,1
DA:51,1
DA:52,1
LF:52
LH:52
BRDA:12,0,0,1
BRDA:13,1,0,2
BRDA:22,2,0,2
BRDA:23,3,0,2
BRDA:24,4,0,0
BRDA:27,5,0,1
BRDA:37,6,0,0
BRDA:38,7,0,1
BRF:8
BRH:6
end_of_record
TN:
SF:src\modules\goals\useCases\deleteGoals\DeleteGoalsController.ts
FN:5,DeleteGoalsController
FN:7,Object.<anonymous>.DeleteGoalsController.handle
FNF:2
FNH:1
FNDA:1,DeleteGoalsController
FNDA:0,Object.<anonymous>.DeleteGoalsController.handle
DA:1,1
DA:2,1
DA:3,1
DA:4,1
DA:5,1
DA:6,1
DA:7,1
DA:8,0
DA:9,0
DA:10,0
DA:11,0
DA:12,0
DA:13,0
DA:14,0
DA:15,0
DA:16,1
DA:17,1
DA:18,1
DA:19,1
LF:19
LH:11
BRDA:5,0,0,1
BRDA:5,1,0,1
BRF:2
BRH:2
end_of_record
TN:
SF:src\modules\goals\useCases\deleteGoals\DeleteGoalsUseCase.ts
FN:7,DeleteGoalsUseCase
FN:11,Object.<anonymous>.DeleteGoalsUseCase.execute
FNF:2
FNH:0
FNDA:0,DeleteGoalsUseCase
FNDA:0,Object.<anonymous>.DeleteGoalsUseCase.execute
DA:1,1
DA:2,1
DA:3,1
DA:4,1
DA:5,1
DA:6,1
DA:7,1
DA:8,0
DA:9,0
DA:10,0
DA:11,1
DA:12,0
DA:13,0
DA:14,0
DA:15,0
DA:16,0
DA:17,0
DA:18,1
DA:19,1
DA:20,1
LF:20
LH:11
BRDA:6,0,0,1
BRF:1
BRH:1
end_of_record
TN:
SF:src\modules\goals\useCases\editGoals\EditGoalsController.ts
FN:6,EditGoalsController
FN:7,Object.<anonymous>.EditGoalsController.handle
FNF:2
FNH:1
FNDA:1,EditGoalsController
FNDA:0,Object.<anonymous>.EditGoalsController.handle
DA:1,1
DA:2,1
DA:3,1
DA:4,1
DA:5,1
DA:6,1
DA:7,1
DA:8,0
DA:9,0
DA:10,0
DA:11,0
DA:12,0
DA:13,0
DA:14,0
DA:15,0
DA:16,0
DA:17,0
DA:18,0
DA:19,0
DA:20,0
DA:21,1
DA:22,1
DA:23,1
LF:23
LH:10
BRDA:6,0,0,1
BRDA:6,1,0,1
BRF:2
BRH:2
end_of_record
TN:
SF:src\modules\goals\useCases\editGoals\EditGoalsUseCase.ts
FN:19,EditGoalsUseCase
FN:27,Object.<anonymous>.EditGoalsUseCase.execute
FNF:2
FNH:2
FNDA:3,EditGoalsUseCase
FNDA:3,Object.<anonymous>.EditGoalsUseCase.execute
DA:1,1
DA:2,1
DA:3,1
DA:4,1
DA:5,1
DA:6,1
DA:7,1
DA:8,1
DA:9,1
DA:10,1
DA:11,1
DA:12,1
DA:13,1
DA:14,1
DA:15,1
DA:16,1
DA:17,1
DA:18,1
DA:19,1
DA:20,3
DA:21,3
DA:22,3
DA:23,3
DA:24,3
DA:25,3
DA:26,3
DA:27,1
DA:28,3
DA:29,3
DA:30,3
DA:31,3
DA:32,3
DA:33,2
DA:34,3
DA:35,3
DA:36,3
DA:37,3
DA:38,3
DA:39,3
DA:40,1
DA:41,1
DA:42,1
DA:43,1
DA:44,1
DA:45,1
DA:46,1
DA:47,1
DA:48,0
DA:49,0
DA:50,0
DA:51,1
DA:52,1
DA:53,1
DA:54,3
DA:55,3
DA:56,3
DA:57,3
DA:58,1
DA:59,1
DA:60,1
LF:60
LH:57
BRDA:18,0,0,1
BRDA:19,1,0,3
BRDA:27,2,0,3
BRDA:28,3,0,3
BRDA:30,4,0,0
BRDA:32,5,0,1
BRDA:32,6,0,2
BRDA:39,7,0,1
BRDA:48,8,0,0
BRF:9
BRH:7
end_of_record
TN:
SF:src\modules\goals\useCases\listGoals\ListGoalsController.ts
FN:5,ListGoalsController
FN:6,Object.<anonymous>.ListGoalsController.handle
FNF:2
FNH:1
FNDA:1,ListGoalsController
FNDA:0,Object.<anonymous>.ListGoalsController.handle
DA:1,1
DA:2,1
DA:3,1
DA:4,1
DA:5,1
DA:6,1
DA:7,0
DA:8,0
DA:9,0
DA:10,0
DA:11,0
DA:12,0
DA:13,1
DA:14,1
DA:15,1
LF:15
LH:9
BRDA:5,0,0,1
BRDA:5,1,0,1
BRF:2
BRH:2
end_of_record
TN:
SF:src\modules\goals\useCases\listGoals\ListGoalsUseCase.ts
FN:7,ListGoalsUseCase
FN:11,Object.<anonymous>.ListGoalsUseCase.execute
FNF:2
FNH:2
FNDA:1,ListGoalsUseCase
FNDA:1,Object.<anonymous>.ListGoalsUseCase.execute
DA:1,1
DA:2,1
DA:3,1
DA:4,1
DA:5,1
DA:6,1
DA:7,1
DA:8,1
DA:9,1
DA:10,1
DA:11,1
DA:12,1
DA:13,1
DA:14,1
DA:15,1
LF:15
LH:15
BRDA:6,0,0,1
BRDA:7,1,0,1
BRDA:11,2,0,1
BRF:3
BRH:3
end_of_record
